Determining if files windows.h exist failed with the following output:
Change Dir: /Users/toprakdeviren/Developer/CC/Tracker/node_modules/zeromq/build/libzmq/CMakeFiles/CMakeTmp

Run Build Command(s):/usr/bin/make -f Makefile cmTC_1f0c2/fast && /Library/Developer/CommandLineTools/usr/bin/make  -f CMakeFiles/cmTC_1f0c2.dir/build.make CMakeFiles/cmTC_1f0c2.dir/build
Building C object CMakeFiles/cmTC_1f0c2.dir/ZMQ_HAVE_WINDOWS.c.o
/Library/Developer/CommandLineTools/usr/bin/cc   -std=gnu11 -Wno-tautological-constant-compare  -arch arm64 -isysroot /Library/Developer/CommandLineTools/SDKs/MacOSX.sdk -mmacosx-version-min=10.9 -MD -MT CMakeFiles/cmTC_1f0c2.dir/ZMQ_HAVE_WINDOWS.c.o -MF CMakeFiles/cmTC_1f0c2.dir/ZMQ_HAVE_WINDOWS.c.o.d -o CMakeFiles/cmTC_1f0c2.dir/ZMQ_HAVE_WINDOWS.c.o -c /Users/toprakdeviren/Developer/CC/Tracker/node_modules/zeromq/build/libzmq/CMakeFiles/CheckIncludeFiles/ZMQ_HAVE_WINDOWS.c
/Users/toprakdeviren/Developer/CC/Tracker/node_modules/zeromq/build/libzmq/CMakeFiles/CheckIncludeFiles/ZMQ_HAVE_WINDOWS.c:2:10: fatal error: 'windows.h' file not found
#include <windows.h>
         ^~~~~~~~~~~
1 error generated.
make[2]: *** [CMakeFiles/cmTC_1f0c2.dir/ZMQ_HAVE_WINDOWS.c.o] Error 1
make[1]: *** [cmTC_1f0c2/fast] Error 2


Source:
/* */
#include <windows.h>


int main(void){return 0;}

Determining if files sys/eventfd.h exist failed with the following output:
Change Dir: /Users/toprakdeviren/Developer/CC/Tracker/node_modules/zeromq/build/libzmq/CMakeFiles/CMakeTmp

Run Build Command(s):/usr/bin/make -f Makefile cmTC_effb2/fast && /Library/Developer/CommandLineTools/usr/bin/make  -f CMakeFiles/cmTC_effb2.dir/build.make CMakeFiles/cmTC_effb2.dir/build
Building C object CMakeFiles/cmTC_effb2.dir/ZMQ_HAVE_EVENTFD.c.o
/Library/Developer/CommandLineTools/usr/bin/cc   -std=gnu11 -Wno-tautological-constant-compare  -arch arm64 -isysroot /Library/Developer/CommandLineTools/SDKs/MacOSX.sdk -mmacosx-version-min=10.9 -MD -MT CMakeFiles/cmTC_effb2.dir/ZMQ_HAVE_EVENTFD.c.o -MF CMakeFiles/cmTC_effb2.dir/ZMQ_HAVE_EVENTFD.c.o.d -o CMakeFiles/cmTC_effb2.dir/ZMQ_HAVE_EVENTFD.c.o -c /Users/toprakdeviren/Developer/CC/Tracker/node_modules/zeromq/build/libzmq/CMakeFiles/CheckIncludeFiles/ZMQ_HAVE_EVENTFD.c
/Users/toprakdeviren/Developer/CC/Tracker/node_modules/zeromq/build/libzmq/CMakeFiles/CheckIncludeFiles/ZMQ_HAVE_EVENTFD.c:2:10: fatal error: 'sys/eventfd.h' file not found
#include <sys/eventfd.h>
         ^~~~~~~~~~~~~~~
1 error generated.
make[2]: *** [CMakeFiles/cmTC_effb2.dir/ZMQ_HAVE_EVENTFD.c.o] Error 1
make[1]: *** [cmTC_effb2/fast] Error 2


Source:
/* */
#include <sys/eventfd.h>


int main(void){return 0;}

Determining if the SO_PEERCRED exist failed with the following output:
Change Dir: /Users/toprakdeviren/Developer/CC/Tracker/node_modules/zeromq/build/libzmq/CMakeFiles/CMakeTmp

Run Build Command(s):/usr/bin/make -f Makefile cmTC_efde8/fast && /Library/Developer/CommandLineTools/usr/bin/make  -f CMakeFiles/cmTC_efde8.dir/build.make CMakeFiles/cmTC_efde8.dir/build
Building CXX object CMakeFiles/cmTC_efde8.dir/CheckSymbolExists.cxx.o
/Library/Developer/CommandLineTools/usr/bin/c++   -std=gnu++11 -Wno-tautological-constant-compare  -arch arm64 -isysroot /Library/Developer/CommandLineTools/SDKs/MacOSX.sdk -mmacosx-version-min=10.9 -MD -MT CMakeFiles/cmTC_efde8.dir/CheckSymbolExists.cxx.o -MF CMakeFiles/cmTC_efde8.dir/CheckSymbolExists.cxx.o.d -o CMakeFiles/cmTC_efde8.dir/CheckSymbolExists.cxx.o -c /Users/toprakdeviren/Developer/CC/Tracker/node_modules/zeromq/build/libzmq/CMakeFiles/CMakeTmp/CheckSymbolExists.cxx
/Users/toprakdeviren/Developer/CC/Tracker/node_modules/zeromq/build/libzmq/CMakeFiles/CMakeTmp/CheckSymbolExists.cxx:8:19: error: use of undeclared identifier 'SO_PEERCRED'
  return ((int*)(&SO_PEERCRED))[argc];
                  ^
1 error generated.
make[2]: *** [CMakeFiles/cmTC_efde8.dir/CheckSymbolExists.cxx.o] Error 1
make[1]: *** [cmTC_efde8/fast] Error 2


File /Users/toprakdeviren/Developer/CC/Tracker/node_modules/zeromq/build/libzmq/CMakeFiles/CMakeTmp/CheckSymbolExists.cxx:
/* */
#include <sys/socket.h>

int main(int argc, char** argv)
{
  (void)argv;
#ifndef SO_PEERCRED
  return ((int*)(&SO_PEERCRED))[argc];
#else
  (void)argc;
  return 0;
#endif
}
Determining if the LOCAL_PEERCRED exist failed with the following output:
Change Dir: /Users/toprakdeviren/Developer/CC/Tracker/node_modules/zeromq/build/libzmq/CMakeFiles/CMakeTmp

Run Build Command(s):/usr/bin/make -f Makefile cmTC_a3675/fast && /Library/Developer/CommandLineTools/usr/bin/make  -f CMakeFiles/cmTC_a3675.dir/build.make CMakeFiles/cmTC_a3675.dir/build
Building CXX object CMakeFiles/cmTC_a3675.dir/CheckSymbolExists.cxx.o
/Library/Developer/CommandLineTools/usr/bin/c++   -std=gnu++11 -Wno-tautological-constant-compare  -arch arm64 -isysroot /Library/Developer/CommandLineTools/SDKs/MacOSX.sdk -mmacosx-version-min=10.9 -MD -MT CMakeFiles/cmTC_a3675.dir/CheckSymbolExists.cxx.o -MF CMakeFiles/cmTC_a3675.dir/CheckSymbolExists.cxx.o.d -o CMakeFiles/cmTC_a3675.dir/CheckSymbolExists.cxx.o -c /Users/toprakdeviren/Developer/CC/Tracker/node_modules/zeromq/build/libzmq/CMakeFiles/CMakeTmp/CheckSymbolExists.cxx
/Users/toprakdeviren/Developer/CC/Tracker/node_modules/zeromq/build/libzmq/CMakeFiles/CMakeTmp/CheckSymbolExists.cxx:8:19: error: use of undeclared identifier 'LOCAL_PEERCRED'
  return ((int*)(&LOCAL_PEERCRED))[argc];
                  ^
1 error generated.
make[2]: *** [CMakeFiles/cmTC_a3675.dir/CheckSymbolExists.cxx.o] Error 1
make[1]: *** [cmTC_a3675/fast] Error 2


File /Users/toprakdeviren/Developer/CC/Tracker/node_modules/zeromq/build/libzmq/CMakeFiles/CMakeTmp/CheckSymbolExists.cxx:
/* */
#include <sys/socket.h>

int main(int argc, char** argv)
{
  (void)argv;
#ifndef LOCAL_PEERCRED
  return ((int*)(&LOCAL_PEERCRED))[argc];
#else
  (void)argc;
  return 0;
#endif
}
Determining if the clock_gettime exist failed with the following output:
Change Dir: /Users/toprakdeviren/Developer/CC/Tracker/node_modules/zeromq/build/libzmq/CMakeFiles/CMakeTmp

Run Build Command(s):/usr/bin/make -f Makefile cmTC_6603c/fast && /Library/Developer/CommandLineTools/usr/bin/make  -f CMakeFiles/cmTC_6603c.dir/build.make CMakeFiles/cmTC_6603c.dir/build
Building CXX object CMakeFiles/cmTC_6603c.dir/CheckSymbolExists.cxx.o
/Library/Developer/CommandLineTools/usr/bin/c++   -std=gnu++11 -Wno-tautological-constant-compare  -arch arm64 -isysroot /Library/Developer/CommandLineTools/SDKs/MacOSX.sdk -mmacosx-version-min=10.9 -MD -MT CMakeFiles/cmTC_6603c.dir/CheckSymbolExists.cxx.o -MF CMakeFiles/cmTC_6603c.dir/CheckSymbolExists.cxx.o.d -o CMakeFiles/cmTC_6603c.dir/CheckSymbolExists.cxx.o -c /Users/toprakdeviren/Developer/CC/Tracker/node_modules/zeromq/build/libzmq/CMakeFiles/CMakeTmp/CheckSymbolExists.cxx
Linking CXX executable cmTC_6603c
/opt/homebrew/Cellar/cmake/3.23.2/bin/cmake -E cmake_link_script CMakeFiles/cmTC_6603c.dir/link.txt --verbose=1
/Library/Developer/CommandLineTools/usr/bin/c++  -std=gnu++11 -Wno-tautological-constant-compare  -arch arm64 -isysroot /Library/Developer/CommandLineTools/SDKs/MacOSX.sdk -mmacosx-version-min=10.9 -Wl,-search_paths_first -Wl,-headerpad_max_install_names CMakeFiles/cmTC_6603c.dir/CheckSymbolExists.cxx.o -o cmTC_6603c  -lrt 
ld: library not found for -lrt
clang: error: linker command failed with exit code 1 (use -v to see invocation)
make[2]: *** [cmTC_6603c] Error 1
make[1]: *** [cmTC_6603c/fast] Error 2


File /Users/toprakdeviren/Developer/CC/Tracker/node_modules/zeromq/build/libzmq/CMakeFiles/CMakeTmp/CheckSymbolExists.cxx:
/* */
#include <time.h>

int main(int argc, char** argv)
{
  (void)argv;
#ifndef clock_gettime
  return ((int*)(&clock_gettime))[argc];
#else
  (void)argc;
  return 0;
#endif
}
Determining if the gethrtimei exist failed with the following output:
Change Dir: /Users/toprakdeviren/Developer/CC/Tracker/node_modules/zeromq/build/libzmq/CMakeFiles/CMakeTmp

Run Build Command(s):/usr/bin/make -f Makefile cmTC_8fea0/fast && /Library/Developer/CommandLineTools/usr/bin/make  -f CMakeFiles/cmTC_8fea0.dir/build.make CMakeFiles/cmTC_8fea0.dir/build
Building CXX object CMakeFiles/cmTC_8fea0.dir/CheckSymbolExists.cxx.o
/Library/Developer/CommandLineTools/usr/bin/c++   -std=gnu++11 -Wno-tautological-constant-compare  -arch arm64 -isysroot /Library/Developer/CommandLineTools/SDKs/MacOSX.sdk -mmacosx-version-min=10.9 -MD -MT CMakeFiles/cmTC_8fea0.dir/CheckSymbolExists.cxx.o -MF CMakeFiles/cmTC_8fea0.dir/CheckSymbolExists.cxx.o.d -o CMakeFiles/cmTC_8fea0.dir/CheckSymbolExists.cxx.o -c /Users/toprakdeviren/Developer/CC/Tracker/node_modules/zeromq/build/libzmq/CMakeFiles/CMakeTmp/CheckSymbolExists.cxx
/Users/toprakdeviren/Developer/CC/Tracker/node_modules/zeromq/build/libzmq/CMakeFiles/CMakeTmp/CheckSymbolExists.cxx:8:19: error: use of undeclared identifier 'gethrtimei'; did you mean 'getitimer'?
  return ((int*)(&gethrtimei))[argc];
                  ^~~~~~~~~~
                  getitimer
/Library/Developer/CommandLineTools/SDKs/MacOSX.sdk/usr/include/sys/time.h:196:9: note: 'getitimer' declared here
int     getitimer(int, struct itimerval *);
        ^
1 error generated.
make[2]: *** [CMakeFiles/cmTC_8fea0.dir/CheckSymbolExists.cxx.o] Error 1
make[1]: *** [cmTC_8fea0/fast] Error 2


File /Users/toprakdeviren/Developer/CC/Tracker/node_modules/zeromq/build/libzmq/CMakeFiles/CMakeTmp/CheckSymbolExists.cxx:
/* */
#include <sys/time.h>

int main(int argc, char** argv)
{
  (void)argv;
#ifndef gethrtimei
  return ((int*)(&gethrtimei))[argc];
#else
  (void)argc;
  return 0;
#endif
}
Determining if the mkdtemp exist failed with the following output:
Change Dir: /Users/toprakdeviren/Developer/CC/Tracker/node_modules/zeromq/build/libzmq/CMakeFiles/CMakeTmp

Run Build Command(s):/usr/bin/make -f Makefile cmTC_cd55e/fast && /Library/Developer/CommandLineTools/usr/bin/make  -f CMakeFiles/cmTC_cd55e.dir/build.make CMakeFiles/cmTC_cd55e.dir/build
Building CXX object CMakeFiles/cmTC_cd55e.dir/CheckSymbolExists.cxx.o
/Library/Developer/CommandLineTools/usr/bin/c++   -std=gnu++11 -Wno-tautological-constant-compare  -arch arm64 -isysroot /Library/Developer/CommandLineTools/SDKs/MacOSX.sdk -mmacosx-version-min=10.9 -MD -MT CMakeFiles/cmTC_cd55e.dir/CheckSymbolExists.cxx.o -MF CMakeFiles/cmTC_cd55e.dir/CheckSymbolExists.cxx.o.d -o CMakeFiles/cmTC_cd55e.dir/CheckSymbolExists.cxx.o -c /Users/toprakdeviren/Developer/CC/Tracker/node_modules/zeromq/build/libzmq/CMakeFiles/CMakeTmp/CheckSymbolExists.cxx
/Users/toprakdeviren/Developer/CC/Tracker/node_modules/zeromq/build/libzmq/CMakeFiles/CMakeTmp/CheckSymbolExists.cxx:8:19: error: use of undeclared identifier 'mkdtemp'
  return ((int*)(&mkdtemp))[argc];
                  ^
1 error generated.
make[2]: *** [CMakeFiles/cmTC_cd55e.dir/CheckSymbolExists.cxx.o] Error 1
make[1]: *** [cmTC_cd55e/fast] Error 2


File /Users/toprakdeviren/Developer/CC/Tracker/node_modules/zeromq/build/libzmq/CMakeFiles/CMakeTmp/CheckSymbolExists.cxx:
/* */
#include <stdlib.h>

int main(int argc, char** argv)
{
  (void)argv;
#ifndef mkdtemp
  return ((int*)(&mkdtemp))[argc];
#else
  (void)argc;
  return 0;
#endif
}
Determining if the accept4 exist failed with the following output:
Change Dir: /Users/toprakdeviren/Developer/CC/Tracker/node_modules/zeromq/build/libzmq/CMakeFiles/CMakeTmp

Run Build Command(s):/usr/bin/make -f Makefile cmTC_d0ea2/fast && /Library/Developer/CommandLineTools/usr/bin/make  -f CMakeFiles/cmTC_d0ea2.dir/build.make CMakeFiles/cmTC_d0ea2.dir/build
Building CXX object CMakeFiles/cmTC_d0ea2.dir/CheckSymbolExists.cxx.o
/Library/Developer/CommandLineTools/usr/bin/c++   -std=gnu++11 -Wno-tautological-constant-compare  -arch arm64 -isysroot /Library/Developer/CommandLineTools/SDKs/MacOSX.sdk -mmacosx-version-min=10.9 -MD -MT CMakeFiles/cmTC_d0ea2.dir/CheckSymbolExists.cxx.o -MF CMakeFiles/cmTC_d0ea2.dir/CheckSymbolExists.cxx.o.d -o CMakeFiles/cmTC_d0ea2.dir/CheckSymbolExists.cxx.o -c /Users/toprakdeviren/Developer/CC/Tracker/node_modules/zeromq/build/libzmq/CMakeFiles/CMakeTmp/CheckSymbolExists.cxx
/Users/toprakdeviren/Developer/CC/Tracker/node_modules/zeromq/build/libzmq/CMakeFiles/CMakeTmp/CheckSymbolExists.cxx:8:19: error: use of undeclared identifier 'accept4'; did you mean 'accept'?
  return ((int*)(&accept4))[argc];
                  ^~~~~~~
                  accept
/Library/Developer/CommandLineTools/SDKs/MacOSX.sdk/usr/include/sys/socket.h:704:9: note: 'accept' declared here
int     accept(int, struct sockaddr * __restrict, socklen_t * __restrict)
        ^
1 error generated.
make[2]: *** [CMakeFiles/cmTC_d0ea2.dir/CheckSymbolExists.cxx.o] Error 1
make[1]: *** [cmTC_d0ea2/fast] Error 2


File /Users/toprakdeviren/Developer/CC/Tracker/node_modules/zeromq/build/libzmq/CMakeFiles/CMakeTmp/CheckSymbolExists.cxx:
/* */
#include <sys/socket.h>

int main(int argc, char** argv)
{
  (void)argv;
#ifndef accept4
  return ((int*)(&accept4))[argc];
#else
  (void)argc;
  return 0;
#endif
}
Performing C SOURCE FILE Test ZMQ_HAVE_SOCK_CLOEXEC failed with the following compile output:
Change Dir: /Users/toprakdeviren/Developer/CC/Tracker/node_modules/zeromq/build/libzmq/CMakeFiles/CMakeTmp

Run Build Command(s):/usr/bin/make -f Makefile cmTC_951e8/fast && /Library/Developer/CommandLineTools/usr/bin/make  -f CMakeFiles/cmTC_951e8.dir/build.make CMakeFiles/cmTC_951e8.dir/build
Building C object CMakeFiles/cmTC_951e8.dir/src.c.o
/Library/Developer/CommandLineTools/usr/bin/cc -DZMQ_HAVE_SOCK_CLOEXEC  -std=gnu11 -Wno-tautological-constant-compare  -arch arm64 -isysroot /Library/Developer/CommandLineTools/SDKs/MacOSX.sdk -mmacosx-version-min=10.9 -MD -MT CMakeFiles/cmTC_951e8.dir/src.c.o -MF CMakeFiles/cmTC_951e8.dir/src.c.o.d -o CMakeFiles/cmTC_951e8.dir/src.c.o -c /Users/toprakdeviren/Developer/CC/Tracker/node_modules/zeromq/build/libzmq/CMakeFiles/CMakeTmp/src.c
/Users/toprakdeviren/Developer/CC/Tracker/node_modules/zeromq/build/libzmq/CMakeFiles/CMakeTmp/src.c:7:43: error: use of undeclared identifier 'SOCK_CLOEXEC'
    int s = socket(PF_INET, SOCK_STREAM | SOCK_CLOEXEC, 0);
                                          ^
1 error generated.
make[2]: *** [CMakeFiles/cmTC_951e8.dir/src.c.o] Error 1
make[1]: *** [cmTC_951e8/fast] Error 2


...and run output:

Return value: 1
Source file was:

#include <sys/types.h>
#include <sys/socket.h>

int main(int argc, char *argv [])
{
    int s = socket(PF_INET, SOCK_STREAM | SOCK_CLOEXEC, 0);
    return(s == -1);
}

Performing C SOURCE FILE Test ZMQ_HAVE_SO_BINDTODEVICE failed with the following compile output:
Change Dir: /Users/toprakdeviren/Developer/CC/Tracker/node_modules/zeromq/build/libzmq/CMakeFiles/CMakeTmp

Run Build Command(s):/usr/bin/make -f Makefile cmTC_f16b7/fast && /Library/Developer/CommandLineTools/usr/bin/make  -f CMakeFiles/cmTC_f16b7.dir/build.make CMakeFiles/cmTC_f16b7.dir/build
Building C object CMakeFiles/cmTC_f16b7.dir/src.c.o
/Library/Developer/CommandLineTools/usr/bin/cc -DZMQ_HAVE_SO_BINDTODEVICE  -std=gnu11 -Wno-tautological-constant-compare  -arch arm64 -isysroot /Library/Developer/CommandLineTools/SDKs/MacOSX.sdk -mmacosx-version-min=10.9 -MD -MT CMakeFiles/cmTC_f16b7.dir/src.c.o -MF CMakeFiles/cmTC_f16b7.dir/src.c.o.d -o CMakeFiles/cmTC_f16b7.dir/src.c.o -c /Users/toprakdeviren/Developer/CC/Tracker/node_modules/zeromq/build/libzmq/CMakeFiles/CMakeTmp/src.c
Linking C executable cmTC_f16b7
/opt/homebrew/Cellar/cmake/3.23.2/bin/cmake -E cmake_link_script CMakeFiles/cmTC_f16b7.dir/link.txt --verbose=1
/Library/Developer/CommandLineTools/usr/bin/cc  -std=gnu11 -Wno-tautological-constant-compare  -arch arm64 -isysroot /Library/Developer/CommandLineTools/SDKs/MacOSX.sdk -mmacosx-version-min=10.9 -Wl,-search_paths_first -Wl,-headerpad_max_install_names CMakeFiles/cmTC_f16b7.dir/src.c.o -o cmTC_f16b7 


...and run output:

Return value: 1
Source file was:

#include <sys/socket.h>

int main(int argc, char *argv [])
{
/* Actually making the setsockopt() call requires CAP_NET_RAW */
#ifndef SO_BINDTODEVICE
    return 1;
#else
    return 0;
#endif
}

Performing C SOURCE FILE Test ZMQ_HAVE_TCP_KEEPIDLE failed with the following compile output:
Change Dir: /Users/toprakdeviren/Developer/CC/Tracker/node_modules/zeromq/build/libzmq/CMakeFiles/CMakeTmp

Run Build Command(s):/usr/bin/make -f Makefile cmTC_0bca0/fast && /Library/Developer/CommandLineTools/usr/bin/make  -f CMakeFiles/cmTC_0bca0.dir/build.make CMakeFiles/cmTC_0bca0.dir/build
Building C object CMakeFiles/cmTC_0bca0.dir/src.c.o
/Library/Developer/CommandLineTools/usr/bin/cc -DZMQ_HAVE_TCP_KEEPIDLE  -std=gnu11 -Wno-tautological-constant-compare  -arch arm64 -isysroot /Library/Developer/CommandLineTools/SDKs/MacOSX.sdk -mmacosx-version-min=10.9 -MD -MT CMakeFiles/cmTC_0bca0.dir/src.c.o -MF CMakeFiles/cmTC_0bca0.dir/src.c.o.d -o CMakeFiles/cmTC_0bca0.dir/src.c.o -c /Users/toprakdeviren/Developer/CC/Tracker/node_modules/zeromq/build/libzmq/CMakeFiles/CMakeTmp/src.c
/Users/toprakdeviren/Developer/CC/Tracker/node_modules/zeromq/build/libzmq/CMakeFiles/CMakeTmp/src.c:13:42: error: use of undeclared identifier 'TCP_KEEPIDLE'
       ((rc = setsockopt(s, IPPROTO_TCP, TCP_KEEPIDLE,(char*) &opt, sizeof(int))) == -1)
                                         ^
1 error generated.
make[2]: *** [CMakeFiles/cmTC_0bca0.dir/src.c.o] Error 1
make[1]: *** [cmTC_0bca0/fast] Error 2


...and run output:

Return value: 1
Source file was:

#include <sys/types.h>
#include <sys/socket.h>
#include <netinet/in.h>
#include <netinet/tcp.h>

int main(int argc, char *argv [])
{
    int s, rc, opt = 1;
    return(
       ((s = socket(PF_INET, SOCK_STREAM, 0)) == -1) ||
       ((rc = setsockopt(s, SOL_SOCKET, SO_KEEPALIVE,(char*) &opt, sizeof(int))) == -1) ||
       ((rc = setsockopt(s, IPPROTO_TCP, TCP_KEEPIDLE,(char*) &opt, sizeof(int))) == -1)
    );
}

Performing C SOURCE FILE Test ZMQ_HAVE_TIPC failed with the following compile output:
Change Dir: /Users/toprakdeviren/Developer/CC/Tracker/node_modules/zeromq/build/libzmq/CMakeFiles/CMakeTmp

Run Build Command(s):/usr/bin/make -f Makefile cmTC_a8899/fast && /Library/Developer/CommandLineTools/usr/bin/make  -f CMakeFiles/cmTC_a8899.dir/build.make CMakeFiles/cmTC_a8899.dir/build
Building C object CMakeFiles/cmTC_a8899.dir/src.c.o
/Library/Developer/CommandLineTools/usr/bin/cc -DZMQ_HAVE_TIPC  -std=gnu11 -Wno-tautological-constant-compare  -arch arm64 -isysroot /Library/Developer/CommandLineTools/SDKs/MacOSX.sdk -mmacosx-version-min=10.9 -MD -MT CMakeFiles/cmTC_a8899.dir/src.c.o -MF CMakeFiles/cmTC_a8899.dir/src.c.o.d -o CMakeFiles/cmTC_a8899.dir/src.c.o -c /Users/toprakdeviren/Developer/CC/Tracker/node_modules/zeromq/build/libzmq/CMakeFiles/CMakeTmp/src.c
/Users/toprakdeviren/Developer/CC/Tracker/node_modules/zeromq/build/libzmq/CMakeFiles/CMakeTmp/src.c:7:10: fatal error: 'linux/tipc.h' file not found
#include <linux/tipc.h>
         ^~~~~~~~~~~~~~
1 error generated.
make[2]: *** [CMakeFiles/cmTC_a8899.dir/src.c.o] Error 1
make[1]: *** [cmTC_a8899/fast] Error 2


...and run output:

Return value: 1
Source file was:

#include <stdlib.h>
#include <string.h>
#include <fcntl.h>
#include <errno.h>
#include <sys/socket.h>
#include <linux/tipc.h>

int main(int argc, char *argv [])
{
    struct sockaddr_tipc topsrv;
    int sd = socket(AF_TIPC, SOCK_SEQPACKET, 0);
    memset(&topsrv, 0, sizeof(topsrv));
    topsrv.family = AF_TIPC;
    topsrv.addrtype = TIPC_ADDR_NAME;
    topsrv.addr.name.name.type = TIPC_TOP_SRV;
    topsrv.addr.name.name.instance = TIPC_TOP_SRV;
    fcntl(sd, F_SETFL, O_NONBLOCK);
}

Performing C SOURCE FILE Test ZMQ_HAVE_PTHREAD_SETNAME_2 failed with the following compile output:
Change Dir: /Users/toprakdeviren/Developer/CC/Tracker/node_modules/zeromq/build/libzmq/CMakeFiles/CMakeTmp

Run Build Command(s):/usr/bin/make -f Makefile cmTC_f3869/fast && /Library/Developer/CommandLineTools/usr/bin/make  -f CMakeFiles/cmTC_f3869.dir/build.make CMakeFiles/cmTC_f3869.dir/build
Building C object CMakeFiles/cmTC_f3869.dir/src.c.o
/Library/Developer/CommandLineTools/usr/bin/cc -DZMQ_HAVE_PTHREAD_SETNAME_2  -std=gnu11 -Wno-tautological-constant-compare -D_GNU_SOURCE -Werror -pthread -arch arm64 -isysroot /Library/Developer/CommandLineTools/SDKs/MacOSX.sdk -mmacosx-version-min=10.9 -MD -MT CMakeFiles/cmTC_f3869.dir/src.c.o -MF CMakeFiles/cmTC_f3869.dir/src.c.o.d -o CMakeFiles/cmTC_f3869.dir/src.c.o -c /Users/toprakdeviren/Developer/CC/Tracker/node_modules/zeromq/build/libzmq/CMakeFiles/CMakeTmp/src.c
/Users/toprakdeviren/Developer/CC/Tracker/node_modules/zeromq/build/libzmq/CMakeFiles/CMakeTmp/src.c:6:41: error: too many arguments to function call, expected 1, have 2
    pthread_setname_np (pthread_self(), "foo");
    ~~~~~~~~~~~~~~~~~~                  ^~~~~
/Library/Developer/CommandLineTools/SDKs/MacOSX.sdk/usr/include/pthread.h:510:5: note: 'pthread_setname_np' declared here
int     pthread_setname_np(const char*);
        ^
1 error generated.
make[2]: *** [CMakeFiles/cmTC_f3869.dir/src.c.o] Error 1
make[1]: *** [cmTC_f3869/fast] Error 2


...and run output:

Return value: 1
Source file was:

#include <pthread.h>

int main(int argc, char *argv [])
{
    pthread_setname_np (pthread_self(), "foo");
    return 0;
}

Performing C SOURCE FILE Test ZMQ_HAVE_PTHREAD_SETNAME_3 failed with the following compile output:
Change Dir: /Users/toprakdeviren/Developer/CC/Tracker/node_modules/zeromq/build/libzmq/CMakeFiles/CMakeTmp

Run Build Command(s):/usr/bin/make -f Makefile cmTC_d8eb6/fast && /Library/Developer/CommandLineTools/usr/bin/make  -f CMakeFiles/cmTC_d8eb6.dir/build.make CMakeFiles/cmTC_d8eb6.dir/build
Building C object CMakeFiles/cmTC_d8eb6.dir/src.c.o
/Library/Developer/CommandLineTools/usr/bin/cc -DZMQ_HAVE_PTHREAD_SETNAME_3  -std=gnu11 -Wno-tautological-constant-compare -D_GNU_SOURCE -Werror -pthread -arch arm64 -isysroot /Library/Developer/CommandLineTools/SDKs/MacOSX.sdk -mmacosx-version-min=10.9 -MD -MT CMakeFiles/cmTC_d8eb6.dir/src.c.o -MF CMakeFiles/cmTC_d8eb6.dir/src.c.o.d -o CMakeFiles/cmTC_d8eb6.dir/src.c.o -c /Users/toprakdeviren/Developer/CC/Tracker/node_modules/zeromq/build/libzmq/CMakeFiles/CMakeTmp/src.c
/Users/toprakdeviren/Developer/CC/Tracker/node_modules/zeromq/build/libzmq/CMakeFiles/CMakeTmp/src.c:6:41: error: too many arguments to function call, expected 1, have 3
    pthread_setname_np (pthread_self(), "foo", (void *)0);
    ~~~~~~~~~~~~~~~~~~                  ^~~~~~~~~~~~~~~~
/Library/Developer/CommandLineTools/SDKs/MacOSX.sdk/usr/include/pthread.h:510:5: note: 'pthread_setname_np' declared here
int     pthread_setname_np(const char*);
        ^
1 error generated.
make[2]: *** [CMakeFiles/cmTC_d8eb6.dir/src.c.o] Error 1
make[1]: *** [cmTC_d8eb6/fast] Error 2


...and run output:

Return value: 1
Source file was:

#include <pthread.h>

int main(int argc, char *argv [])
{
    pthread_setname_np (pthread_self(), "foo", (void *)0);
    return 0;
}

Performing C SOURCE FILE Test ZMQ_HAVE_PTHREAD_SET_NAME failed with the following compile output:
Change Dir: /Users/toprakdeviren/Developer/CC/Tracker/node_modules/zeromq/build/libzmq/CMakeFiles/CMakeTmp

Run Build Command(s):/usr/bin/make -f Makefile cmTC_aa763/fast && /Library/Developer/CommandLineTools/usr/bin/make  -f CMakeFiles/cmTC_aa763.dir/build.make CMakeFiles/cmTC_aa763.dir/build
Building C object CMakeFiles/cmTC_aa763.dir/src.c.o
/Library/Developer/CommandLineTools/usr/bin/cc -DZMQ_HAVE_PTHREAD_SET_NAME  -std=gnu11 -Wno-tautological-constant-compare -D_GNU_SOURCE -Werror -pthread -arch arm64 -isysroot /Library/Developer/CommandLineTools/SDKs/MacOSX.sdk -mmacosx-version-min=10.9 -MD -MT CMakeFiles/cmTC_aa763.dir/src.c.o -MF CMakeFiles/cmTC_aa763.dir/src.c.o.d -o CMakeFiles/cmTC_aa763.dir/src.c.o -c /Users/toprakdeviren/Developer/CC/Tracker/node_modules/zeromq/build/libzmq/CMakeFiles/CMakeTmp/src.c
/Users/toprakdeviren/Developer/CC/Tracker/node_modules/zeromq/build/libzmq/CMakeFiles/CMakeTmp/src.c:6:5: error: implicit declaration of function 'pthread_set_name_np' is invalid in C99 [-Werror,-Wimplicit-function-declaration]
    pthread_set_name_np (pthread_self(), "foo");
    ^
/Users/toprakdeviren/Developer/CC/Tracker/node_modules/zeromq/build/libzmq/CMakeFiles/CMakeTmp/src.c:6:5: note: did you mean 'pthread_setname_np'?
/Library/Developer/CommandLineTools/SDKs/MacOSX.sdk/usr/include/pthread.h:510:5: note: 'pthread_setname_np' declared here
int     pthread_setname_np(const char*);
        ^
1 error generated.
make[2]: *** [CMakeFiles/cmTC_aa763.dir/src.c.o] Error 1
make[1]: *** [cmTC_aa763/fast] Error 2


...and run output:

Return value: 1
Source file was:

#include <pthread.h>

int main(int argc, char *argv [])
{
    pthread_set_name_np (pthread_self(), "foo");
    return 0;
}

Performing C SOURCE FILE Test ZMQ_HAVE_PTHREAD_SETAFFINITY failed with the following compile output:
Change Dir: /Users/toprakdeviren/Developer/CC/Tracker/node_modules/zeromq/build/libzmq/CMakeFiles/CMakeTmp

Run Build Command(s):/usr/bin/make -f Makefile cmTC_e23c3/fast && /Library/Developer/CommandLineTools/usr/bin/make  -f CMakeFiles/cmTC_e23c3.dir/build.make CMakeFiles/cmTC_e23c3.dir/build
Building C object CMakeFiles/cmTC_e23c3.dir/src.c.o
/Library/Developer/CommandLineTools/usr/bin/cc -DZMQ_HAVE_PTHREAD_SETAFFINITY  -std=gnu11 -Wno-tautological-constant-compare -D_GNU_SOURCE -Werror -pthread -arch arm64 -isysroot /Library/Developer/CommandLineTools/SDKs/MacOSX.sdk -mmacosx-version-min=10.9 -MD -MT CMakeFiles/cmTC_e23c3.dir/src.c.o -MF CMakeFiles/cmTC_e23c3.dir/src.c.o.d -o CMakeFiles/cmTC_e23c3.dir/src.c.o -c /Users/toprakdeviren/Developer/CC/Tracker/node_modules/zeromq/build/libzmq/CMakeFiles/CMakeTmp/src.c
/Users/toprakdeviren/Developer/CC/Tracker/node_modules/zeromq/build/libzmq/CMakeFiles/CMakeTmp/src.c:6:5: error: use of undeclared identifier 'cpu_set_t'
    cpu_set_t test; 
    ^
/Users/toprakdeviren/Developer/CC/Tracker/node_modules/zeromq/build/libzmq/CMakeFiles/CMakeTmp/src.c:7:5: error: implicit declaration of function 'pthread_setaffinity_np' is invalid in C99 [-Werror,-Wimplicit-function-declaration]
    pthread_setaffinity_np (pthread_self(), sizeof(cpu_set_t), &test);
    ^
/Users/toprakdeviren/Developer/CC/Tracker/node_modules/zeromq/build/libzmq/CMakeFiles/CMakeTmp/src.c:7:5: note: did you mean 'pthread_setname_np'?
/Library/Developer/CommandLineTools/SDKs/MacOSX.sdk/usr/include/pthread.h:510:5: note: 'pthread_setname_np' declared here
int     pthread_setname_np(const char*);
        ^
/Users/toprakdeviren/Developer/CC/Tracker/node_modules/zeromq/build/libzmq/CMakeFiles/CMakeTmp/src.c:7:52: error: use of undeclared identifier 'cpu_set_t'
    pthread_setaffinity_np (pthread_self(), sizeof(cpu_set_t), &test);
                                                   ^
/Users/toprakdeviren/Developer/CC/Tracker/node_modules/zeromq/build/libzmq/CMakeFiles/CMakeTmp/src.c:7:65: error: use of undeclared identifier 'test'; did you mean 'tzset'?
    pthread_setaffinity_np (pthread_self(), sizeof(cpu_set_t), &test);
                                                                ^~~~
                                                                tzset
/Library/Developer/CommandLineTools/SDKs/MacOSX.sdk/usr/include/time.h:121:6: note: 'tzset' declared here
void tzset(void);
     ^
4 errors generated.
make[2]: *** [CMakeFiles/cmTC_e23c3.dir/src.c.o] Error 1
make[1]: *** [cmTC_e23c3/fast] Error 2


...and run output:

Return value: 1
Source file was:

#include <pthread.h>

int main(int argc, char *argv [])
{
    cpu_set_t test; 
    pthread_setaffinity_np (pthread_self(), sizeof(cpu_set_t), &test);
    return 0;
}

Performing C SOURCE FILE Test ZMQ_HAVE_GETRANDOM failed with the following compile output:
Change Dir: /Users/toprakdeviren/Developer/CC/Tracker/node_modules/zeromq/build/libzmq/CMakeFiles/CMakeTmp

Run Build Command(s):/usr/bin/make -f Makefile cmTC_f16e2/fast && /Library/Developer/CommandLineTools/usr/bin/make  -f CMakeFiles/cmTC_f16e2.dir/build.make CMakeFiles/cmTC_f16e2.dir/build
Building C object CMakeFiles/cmTC_f16e2.dir/src.c.o
/Library/Developer/CommandLineTools/usr/bin/cc -DZMQ_HAVE_GETRANDOM  -std=gnu11 -Wno-tautological-constant-compare  -arch arm64 -isysroot /Library/Developer/CommandLineTools/SDKs/MacOSX.sdk -mmacosx-version-min=10.9 -MD -MT CMakeFiles/cmTC_f16e2.dir/src.c.o -MF CMakeFiles/cmTC_f16e2.dir/src.c.o.d -o CMakeFiles/cmTC_f16e2.dir/src.c.o -c /Users/toprakdeviren/Developer/CC/Tracker/node_modules/zeromq/build/libzmq/CMakeFiles/CMakeTmp/src.c
/Users/toprakdeviren/Developer/CC/Tracker/node_modules/zeromq/build/libzmq/CMakeFiles/CMakeTmp/src.c:7:14: error: implicit declaration of function 'getrandom' is invalid in C99 [-Werror,-Wimplicit-function-declaration]
    int rc = getrandom(buf, 4, 0);
             ^
1 error generated.
make[2]: *** [CMakeFiles/cmTC_f16e2.dir/src.c.o] Error 1
make[1]: *** [cmTC_f16e2/fast] Error 2


...and run output:

Return value: 1
Source file was:

#include <sys/random.h>

int main (int argc, char *argv [])
{
    char buf[4];
    int rc = getrandom(buf, 4, 0);
    return rc == -1 ? 1 : 0;
}

